# JRE version: OpenJDK Runtime Environment (17.0.10) (build 17.0.10+0--11572160)
# Java VM: OpenJDK 64-Bit Server VM (17.0.10+0--11572160, mixed mode, tiered, compressed oops, compressed class ptrs, g1 gc, windows-amd64)
GC Precious Log:
 CPUs: 20 total, 20 available
 Memory: 16125M
 Large Page Support: Disabled
 NUMA Support: Disabled
 Compressed Oops: Enabled (32-bit)
 Heap Region Size: 1M
 Heap Min Capacity: 8M
 Heap Initial Capacity: 252M
 Heap Max Capacity: 2G
 Pre-touch: Disabled
 Parallel Workers: 15
 Concurrent Workers: 4
 Concurrent Refinement Workers: 15
 Periodic GC: Disabled
Heap:
 garbage-first heap   total 240640K, used 163036K [0x0000000080000000, 0x0000000100000000)
  region size 1024K, 16 young (16384K), 2 survivors (2048K)
 Metaspace       used 118508K, committed 119360K, reserved 1179648K
  class space    used 16005K, committed 16448K, reserved 1048576K
GC Heap History (20 events):
Event: 16.192 GC heap before
{Heap before GC invocations=58 (full 0):
 garbage-first heap   total 196608K, used 159489K [0x0000000080000000, 0x0000000100000000)
  region size 1024K, 45 young (46080K), 6 survivors (6144K)
 Metaspace       used 109267K, committed 110080K, reserved 1179648K
  class space    used 14962K, committed 15360K, reserved 1048576K
}
Event: 16.197 GC heap after
{Heap after GC invocations=59 (full 0):
 garbage-first heap   total 196608K, used 124695K [0x0000000080000000, 0x0000000100000000)
  region size 1024K, 5 young (5120K), 5 survivors (5120K)
 Metaspace       used 109267K, committed 110080K, reserved 1179648K
  class space    used 14962K, committed 15360K, reserved 1048576K
}
Event: 16.764 GC heap before
{Heap before GC invocations=59 (full 0):
 garbage-first heap   total 196608K, used 161559K [0x0000000080000000, 0x0000000100000000)
  region size 1024K, 42 young (43008K), 5 survivors (5120K)
 Metaspace       used 109510K, committed 110336K, reserved 1179648K
  class space    used 15005K, committed 15424K, reserved 1048576K
}
Event: 16.767 GC heap after
{Heap after GC invocations=60 (full 0):
 garbage-first heap   total 196608K, used 127701K [0x0000000080000000, 0x0000000100000000)
  region size 1024K, 5 young (5120K), 5 survivors (5120K)
 Metaspace       used 109510K, committed 110336K, reserved 1179648K
  class space    used 15005K, committed 15424K, reserved 1048576K
}
Event: 17.032 GC heap before
{Heap before GC invocations=60 (full 0):
 garbage-first heap   total 196608K, used 161493K [0x0000000080000000, 0x0000000100000000)
  region size 1024K, 39 young (39936K), 5 survivors (5120K)
 Metaspace       used 109601K, committed 110400K, reserved 1179648K
  class space    used 15011K, committed 15424K, reserved 1048576K
}
Event: 17.034 GC heap after
{Heap after GC invocations=61 (full 0):
 garbage-first heap   total 196608K, used 129787K [0x0000000080000000, 0x0000000100000000)
  region size 1024K, 4 young (4096K), 4 survivors (4096K)
 Metaspace       used 109601K, committed 110400K, reserved 1179648K
  class space    used 15011K, committed 15424K, reserved 1048576K
}
Event: 17.276 GC heap before
{Heap before GC invocations=61 (full 0):
 garbage-first heap   total 196608K, used 163579K [0x0000000080000000, 0x0000000100000000)
  region size 1024K, 38 young (38912K), 4 survivors (4096K)
 Metaspace       used 110070K, committed 110848K, reserved 1179648K
  class space    used 15086K, committed 15488K, reserved 1048576K
}
Event: 17.281 GC heap after
{Heap after GC invocations=62 (full 0):
 garbage-first heap   total 196608K, used 138276K [0x0000000080000000, 0x0000000100000000)
  region size 1024K, 5 young (5120K), 5 survivors (5120K)
 Metaspace       used 110070K, committed 110848K, reserved 1179648K
  class space    used 15086K, committed 15488K, reserved 1048576K
}
Event: 17.576 GC heap before
{Heap before GC invocations=62 (full 0):
 garbage-first heap   total 196608K, used 159780K [0x0000000080000000, 0x0000000100000000)
  region size 1024K, 26 young (26624K), 5 survivors (5120K)
 Metaspace       used 110840K, committed 111680K, reserved 1179648K
  class space    used 15186K, committed 15616K, reserved 1048576K
}
Event: 17.579 GC heap after
{Heap after GC invocations=63 (full 0):
 garbage-first heap   total 196608K, used 139555K [0x0000000080000000, 0x0000000100000000)
  region size 1024K, 2 young (2048K), 2 survivors (2048K)
 Metaspace       used 110840K, committed 111680K, reserved 1179648K
  class space    used 15186K, committed 15616K, reserved 1048576K
}
Event: 17.902 GC heap before
{Heap before GC invocations=63 (full 0):
 garbage-first heap   total 196608K, used 161059K [0x0000000080000000, 0x0000000100000000)
  region size 1024K, 24 young (24576K), 2 survivors (2048K)
 Metaspace       used 112666K, committed 113472K, reserved 1179648K
  class space    used 15377K, committed 15744K, reserved 1048576K
}
Event: 17.906 GC heap after
{Heap after GC invocations=64 (full 0):
 garbage-first heap   total 196608K, used 141615K [0x0000000080000000, 0x0000000100000000)
  region size 1024K, 3 young (3072K), 3 survivors (3072K)
 Metaspace       used 112666K, committed 113472K, reserved 1179648K
  class space    used 15377K, committed 15744K, reserved 1048576K
}
Event: 17.983 GC heap before
{Heap before GC invocations=64 (full 0):
 garbage-first heap   total 196608K, used 163119K [0x0000000080000000, 0x0000000100000000)
  region size 1024K, 25 young (25600K), 3 survivors (3072K)
 Metaspace       used 112880K, committed 113664K, reserved 1179648K
  class space    used 15424K, committed 15808K, reserved 1048576K
}
Event: 17.987 GC heap after
{Heap after GC invocations=65 (full 0):
 garbage-first heap   total 196608K, used 144281K [0x0000000080000000, 0x0000000100000000)
  region size 1024K, 4 young (4096K), 4 survivors (4096K)
 Metaspace       used 112880K, committed 113664K, reserved 1179648K
  class space    used 15424K, committed 15808K, reserved 1048576K
}
Event: 18.176 GC heap before
{Heap before GC invocations=65 (full 0):
 garbage-first heap   total 196608K, used 164761K [0x0000000080000000, 0x0000000100000000)
  region size 1024K, 25 young (25600K), 4 survivors (4096K)
 Metaspace       used 112993K, committed 113856K, reserved 1179648K
  class space    used 15445K, committed 15872K, reserved 1048576K
}
Event: 18.180 GC heap after
{Heap after GC invocations=66 (full 0):
 garbage-first heap   total 240640K, used 146386K [0x0000000080000000, 0x0000000100000000)
  region size 1024K, 3 young (3072K), 3 survivors (3072K)
 Metaspace       used 112993K, committed 113856K, reserved 1179648K
  class space    used 15445K, committed 15872K, reserved 1048576K
}
Event: 18.403 GC heap before
{Heap before GC invocations=66 (full 0):
 garbage-first heap   total 240640K, used 197586K [0x0000000080000000, 0x0000000100000000)
  region size 1024K, 54 young (55296K), 3 survivors (3072K)
 Metaspace       used 113060K, committed 113920K, reserved 1179648K
  class space    used 15449K, committed 15872K, reserved 1048576K
}
Event: 18.406 GC heap after
{Heap after GC invocations=67 (full 0):
 garbage-first heap   total 240640K, used 149464K [0x0000000080000000, 0x0000000100000000)
  region size 1024K, 6 young (6144K), 6 survivors (6144K)
 Metaspace       used 113060K, committed 113920K, reserved 1179648K
  class space    used 15449K, committed 15872K, reserved 1048576K
}
Event: 19.039 GC heap before
{Heap before GC invocations=67 (full 0):
 garbage-first heap   total 240640K, used 198616K [0x0000000080000000, 0x0000000100000000)
  region size 1024K, 55 young (56320K), 6 survivors (6144K)
 Metaspace       used 117158K, committed 118016K, reserved 1179648K
  class space    used 15911K, committed 16320K, reserved 1048576K
}
Event: 19.042 GC heap after
{Heap after GC invocations=68 (full 0):
 garbage-first heap   total 240640K, used 150748K [0x0000000080000000, 0x0000000100000000)
  region size 1024K, 2 young (2048K), 2 survivors (2048K)
 Metaspace       used 117158K, committed 118016K, reserved 1179648K
  class space    used 15911K, committed 16320K, reserved 1048576K
}

