# JRE version: OpenJDK Runtime Environment (17.0.10) (build 17.0.10+0--11572160)
# Java VM: OpenJDK 64-Bit Server VM (17.0.10+0--11572160, mixed mode, tiered, compressed oops, compressed class ptrs, g1 gc, windows-amd64)
GC Precious Log:
 CPUs: 20 total, 20 available
 Memory: 16125M
 Large Page Support: Disabled
 NUMA Support: Disabled
 Compressed Oops: Enabled (32-bit)
 Heap Region Size: 1M
 Heap Min Capacity: 8M
 Heap Initial Capacity: 252M
 Heap Max Capacity: 2G
 Pre-touch: Disabled
 Parallel Workers: 15
 Concurrent Workers: 4
 Concurrent Refinement Workers: 15
 Periodic GC: Disabled
Heap:
 garbage-first heap   total 238592K, used 180850K [0x0000000080000000, 0x0000000100000000)
  region size 1024K, 31 young (31744K), 4 survivors (4096K)
 Metaspace       used 107276K, committed 108032K, reserved 1179648K
  class space    used 14705K, committed 15104K, reserved 1048576K
GC Heap History (20 events):
Event: 9.550 GC heap before
{Heap before GC invocations=39 (full 0):
 garbage-first heap   total 198656K, used 166102K [0x0000000080000000, 0x0000000100000000)
  region size 1024K, 70 young (71680K), 6 survivors (6144K)
 Metaspace       used 101989K, committed 102656K, reserved 1179648K
  class space    used 13955K, committed 14272K, reserved 1048576K
}
Event: 9.557 GC heap after
{Heap after GC invocations=40 (full 0):
 garbage-first heap   total 198656K, used 104383K [0x0000000080000000, 0x0000000100000000)
  region size 1024K, 9 young (9216K), 9 survivors (9216K)
 Metaspace       used 101989K, committed 102656K, reserved 1179648K
  class space    used 13955K, committed 14272K, reserved 1048576K
}
Event: 9.707 GC heap before
{Heap before GC invocations=40 (full 0):
 garbage-first heap   total 198656K, used 159679K [0x0000000080000000, 0x0000000100000000)
  region size 1024K, 64 young (65536K), 9 survivors (9216K)
 Metaspace       used 102786K, committed 103488K, reserved 1179648K
  class space    used 14186K, committed 14528K, reserved 1048576K
}
Event: 9.712 GC heap after
{Heap after GC invocations=41 (full 0):
 garbage-first heap   total 198656K, used 110906K [0x0000000080000000, 0x0000000100000000)
  region size 1024K, 7 young (7168K), 7 survivors (7168K)
 Metaspace       used 102786K, committed 103488K, reserved 1179648K
  class space    used 14186K, committed 14528K, reserved 1048576K
}
Event: 9.955 GC heap before
{Heap before GC invocations=41 (full 0):
 garbage-first heap   total 198656K, used 161082K [0x0000000080000000, 0x0000000100000000)
  region size 1024K, 57 young (58368K), 7 survivors (7168K)
 Metaspace       used 103172K, committed 103936K, reserved 1179648K
  class space    used 14217K, committed 14592K, reserved 1048576K
}
Event: 9.960 GC heap after
{Heap after GC invocations=42 (full 0):
 garbage-first heap   total 198656K, used 114269K [0x0000000080000000, 0x0000000100000000)
  region size 1024K, 6 young (6144K), 6 survivors (6144K)
 Metaspace       used 103172K, committed 103936K, reserved 1179648K
  class space    used 14217K, committed 14592K, reserved 1048576K
}
Event: 10.158 GC heap before
{Heap before GC invocations=42 (full 0):
 garbage-first heap   total 198656K, used 161373K [0x0000000080000000, 0x0000000100000000)
  region size 1024K, 53 young (54272K), 6 survivors (6144K)
 Metaspace       used 103424K, committed 104256K, reserved 1179648K
  class space    used 14228K, committed 14656K, reserved 1048576K
}
Event: 10.161 GC heap after
{Heap after GC invocations=43 (full 0):
 garbage-first heap   total 198656K, used 117902K [0x0000000080000000, 0x0000000100000000)
  region size 1024K, 6 young (6144K), 6 survivors (6144K)
 Metaspace       used 103424K, committed 104256K, reserved 1179648K
  class space    used 14228K, committed 14656K, reserved 1048576K
}
Event: 10.282 GC heap before
{Heap before GC invocations=43 (full 0):
 garbage-first heap   total 198656K, used 161934K [0x0000000080000000, 0x0000000100000000)
  region size 1024K, 50 young (51200K), 6 survivors (6144K)
 Metaspace       used 103578K, committed 104384K, reserved 1179648K
  class space    used 14239K, committed 14656K, reserved 1048576K
}
Event: 10.286 GC heap after
{Heap after GC invocations=44 (full 0):
 garbage-first heap   total 198656K, used 122252K [0x0000000080000000, 0x0000000100000000)
  region size 1024K, 6 young (6144K), 6 survivors (6144K)
 Metaspace       used 103578K, committed 104384K, reserved 1179648K
  class space    used 14239K, committed 14656K, reserved 1048576K
}
Event: 10.498 GC heap before
{Heap before GC invocations=44 (full 0):
 garbage-first heap   total 198656K, used 163212K [0x0000000080000000, 0x0000000100000000)
  region size 1024K, 47 young (48128K), 6 survivors (6144K)
 Metaspace       used 103835K, committed 104640K, reserved 1179648K
  class space    used 14275K, committed 14656K, reserved 1048576K
}
Event: 10.501 GC heap after
{Heap after GC invocations=45 (full 0):
 garbage-first heap   total 238592K, used 125104K [0x0000000080000000, 0x0000000100000000)
  region size 1024K, 5 young (5120K), 5 survivors (5120K)
 Metaspace       used 103835K, committed 104640K, reserved 1179648K
  class space    used 14275K, committed 14656K, reserved 1048576K
}
Event: 11.423 GC heap before
{Heap before GC invocations=45 (full 0):
 garbage-first heap   total 238592K, used 192688K [0x0000000080000000, 0x0000000100000000)
  region size 1024K, 72 young (73728K), 5 survivors (5120K)
 Metaspace       used 104264K, committed 105088K, reserved 1179648K
  class space    used 14340K, committed 14720K, reserved 1048576K
}
Event: 11.431 GC heap after
{Heap after GC invocations=46 (full 0):
 garbage-first heap   total 238592K, used 145702K [0x0000000080000000, 0x0000000100000000)
  region size 1024K, 9 young (9216K), 9 survivors (9216K)
 Metaspace       used 104264K, committed 105088K, reserved 1179648K
  class space    used 14340K, committed 14720K, reserved 1048576K
}
Event: 11.852 GC heap before
{Heap before GC invocations=46 (full 0):
 garbage-first heap   total 238592K, used 182566K [0x0000000080000000, 0x0000000100000000)
  region size 1024K, 46 young (47104K), 9 survivors (9216K)
 Metaspace       used 106573K, committed 107328K, reserved 1179648K
  class space    used 14595K, committed 14976K, reserved 1048576K
}
Event: 11.856 GC heap after
{Heap after GC invocations=47 (full 0):
 garbage-first heap   total 238592K, used 148144K [0x0000000080000000, 0x0000000100000000)
  region size 1024K, 4 young (4096K), 4 survivors (4096K)
 Metaspace       used 106573K, committed 107328K, reserved 1179648K
  class space    used 14595K, committed 14976K, reserved 1048576K
}
Event: 11.950 GC heap before
{Heap before GC invocations=47 (full 0):
 garbage-first heap   total 238592K, used 187056K [0x0000000080000000, 0x0000000100000000)
  region size 1024K, 43 young (44032K), 4 survivors (4096K)
 Metaspace       used 107096K, committed 107968K, reserved 1179648K
  class space    used 14682K, committed 15104K, reserved 1048576K
}
Event: 11.955 GC heap after
{Heap after GC invocations=48 (full 0):
 garbage-first heap   total 238592K, used 152412K [0x0000000080000000, 0x0000000100000000)
  region size 1024K, 5 young (5120K), 5 survivors (5120K)
 Metaspace       used 107096K, committed 107968K, reserved 1179648K
  class space    used 14682K, committed 15104K, reserved 1048576K
}
Event: 12.020 GC heap before
{Heap before GC invocations=48 (full 0):
 garbage-first heap   total 238592K, used 190300K [0x0000000080000000, 0x0000000100000000)
  region size 1024K, 43 young (44032K), 5 survivors (5120K)
 Metaspace       used 107133K, committed 107968K, reserved 1179648K
  class space    used 14684K, committed 15104K, reserved 1048576K
}
Event: 12.024 GC heap after
{Heap after GC invocations=49 (full 0):
 garbage-first heap   total 238592K, used 155250K [0x0000000080000000, 0x0000000100000000)
  region size 1024K, 4 young (4096K), 4 survivors (4096K)
 Metaspace       used 107133K, committed 107968K, reserved 1179648K
  class space    used 14684K, committed 15104K, reserved 1048576K
}

